{"/home/csbrandt/projects/FibonacciHeap/index.js":{"path":"/home/csbrandt/projects/FibonacciHeap/index.js","s":{"1":1,"2":104,"3":104,"4":104,"5":2,"6":1,"7":2,"8":2,"9":1,"10":30,"11":0,"12":30,"13":0,"14":30,"15":30,"16":30,"17":5,"18":5,"19":30,"20":24,"21":1,"22":4,"23":4,"24":4,"25":2,"26":2,"27":4,"28":4,"29":1,"30":8099,"31":8099,"32":8098,"33":5557,"34":5557,"35":19785,"36":19785,"37":8098,"38":8098,"39":7994,"40":8098,"41":8098,"42":8098,"43":8098,"44":7994,"45":7994,"46":8099,"47":1,"48":5,"49":1,"50":13180,"51":13180,"52":13180,"53":13180,"54":1,"55":1038,"56":1,"57":20,"58":1,"59":19,"60":1,"61":4,"62":4,"63":1,"64":87491,"65":23674,"66":63817,"67":62146,"68":1671,"69":1,"70":7,"71":7,"72":7,"73":7,"74":0,"75":7,"76":7,"77":7,"78":1,"79":7,"80":7,"81":5,"82":0,"83":0,"84":5,"85":7,"86":1,"87":7994,"88":7994,"89":7994,"90":62075,"91":62075,"92":20823,"93":4170,"94":4170,"95":4170,"96":20823,"97":20823,"98":20823,"99":62075,"100":7994,"101":7994,"102":75706,"103":41252,"104":41252,"105":41252,"106":7994,"107":1,"108":28928,"109":28928,"110":28928,"111":28928,"112":28928,"113":28928,"114":1,"115":20823,"116":20823,"117":20823,"118":20823,"119":1,"120":83364,"121":20,"122":83344,"123":8122,"124":75222,"125":8603,"126":66619,"127":66619,"128":66619,"129":66619,"130":66619,"131":66619,"132":1,"133":28,"134":28,"135":28,"136":115,"137":115,"138":9,"139":115,"140":28,"141":1,"142":13180,"143":13180,"144":13180,"145":13180,"146":13180,"147":13180,"148":13180,"149":13180,"150":13180,"151":1,"152":1,"153":7994,"154":0,"155":7994,"156":7994,"157":7994,"158":62075,"159":62075,"160":1,"161":70069,"162":1,"163":62075,"164":1},"b":{"1":[2,102],"2":[0,30],"3":[0,30],"4":[5,25],"5":[30,5],"6":[24,6],"7":[2,2],"8":[8098,1],"9":[5557,2541],"10":[7994,104],"11":[7994,104],"12":[1,19],"13":[23674,63817],"14":[62146,1671],"15":[7,0],"16":[5,2],"17":[0,5],"18":[4170,16653],"19":[41252,34454],"20":[20,83344],"21":[83364,8142],"22":[8122,75222],"23":[8603,66619],"24":[46237,20382],"25":[9,106],"26":[0,7994]},"f":{"1":104,"2":2,"3":30,"4":4,"5":8099,"6":5,"7":13180,"8":1038,"9":20,"10":4,"11":87491,"12":7,"13":7,"14":7994,"15":28928,"16":20823,"17":83364,"18":28,"19":13180,"20":7994,"21":70069,"22":62075},"fnMap":{"1":{"name":"(anonymous_1)","line":16,"loc":{"start":{"line":16,"column":20},"end":{"line":16,"column":44}}},"2":{"name":"(anonymous_2)","line":28,"loc":{"start":{"line":28,"column":32},"end":{"line":28,"column":43}}},"3":{"name":"(anonymous_3)","line":33,"loc":{"start":{"line":33,"column":38},"end":{"line":33,"column":61}}},"4":{"name":"(anonymous_4)","line":56,"loc":{"start":{"line":56,"column":33},"end":{"line":56,"column":48}}},"5":{"name":"(anonymous_5)","line":71,"loc":{"start":{"line":71,"column":41},"end":{"line":71,"column":52}}},"6":{"name":"(anonymous_6)","line":102,"loc":{"start":{"line":102,"column":38},"end":{"line":102,"column":49}}},"7":{"name":"(anonymous_7)","line":114,"loc":{"start":{"line":114,"column":33},"end":{"line":114,"column":54}}},"8":{"name":"(anonymous_8)","line":121,"loc":{"start":{"line":121,"column":34},"end":{"line":121,"column":45}}},"9":{"name":"(anonymous_9)","line":125,"loc":{"start":{"line":125,"column":31},"end":{"line":125,"column":42}}},"10":{"name":"(anonymous_10)","line":133,"loc":{"start":{"line":133,"column":32},"end":{"line":133,"column":48}}},"11":{"name":"(anonymous_11)","line":138,"loc":{"start":{"line":138,"column":34},"end":{"line":138,"column":49}}},"12":{"name":"cut","line":148,"loc":{"start":{"line":148,"column":0},"end":{"line":148,"column":45}}},"13":{"name":"cascadingCut","line":161,"loc":{"start":{"line":161,"column":0},"end":{"line":161,"column":46}}},"14":{"name":"consolidate","line":174,"loc":{"start":{"line":174,"column":0},"end":{"line":174,"column":39}}},"15":{"name":"removeNodeFromList","line":207,"loc":{"start":{"line":207,"column":0},"end":{"line":207,"column":34}}},"16":{"name":"linkHeaps","line":217,"loc":{"start":{"line":217,"column":0},"end":{"line":217,"column":38}}},"17":{"name":"mergeLists","line":225,"loc":{"start":{"line":225,"column":0},"end":{"line":225,"column":35}}},"18":{"name":"getNodeListSize","line":245,"loc":{"start":{"line":245,"column":0},"end":{"line":245,"column":31}}},"19":{"name":"Node","line":260,"loc":{"start":{"line":260,"column":0},"end":{"line":260,"column":26}}},"20":{"name":"(anonymous_20)","line":278,"loc":{"start":{"line":278,"column":23},"end":{"line":278,"column":39}}},"21":{"name":"(anonymous_21)","line":291,"loc":{"start":{"line":291,"column":37},"end":{"line":291,"column":48}}},"22":{"name":"(anonymous_22)","line":295,"loc":{"start":{"line":295,"column":34},"end":{"line":295,"column":45}}}},"statementMap":{"1":{"start":{"line":16,"column":0},"end":{"line":23,"column":2}},"2":{"start":{"line":17,"column":3},"end":{"line":17,"column":28}},"3":{"start":{"line":18,"column":3},"end":{"line":18,"column":22}},"4":{"start":{"line":20,"column":3},"end":{"line":22,"column":4}},"5":{"start":{"line":21,"column":6},"end":{"line":21,"column":35}},"6":{"start":{"line":28,"column":0},"end":{"line":31,"column":2}},"7":{"start":{"line":29,"column":3},"end":{"line":29,"column":28}},"8":{"start":{"line":30,"column":3},"end":{"line":30,"column":22}},"9":{"start":{"line":33,"column":0},"end":{"line":54,"column":2}},"10":{"start":{"line":34,"column":3},"end":{"line":36,"column":4}},"11":{"start":{"line":35,"column":6},"end":{"line":35,"column":55}},"12":{"start":{"line":37,"column":3},"end":{"line":43,"column":4}},"13":{"start":{"line":42,"column":6},"end":{"line":42,"column":45}},"14":{"start":{"line":45,"column":3},"end":{"line":45,"column":21}},"15":{"start":{"line":46,"column":3},"end":{"line":46,"column":28}},"16":{"start":{"line":47,"column":3},"end":{"line":50,"column":4}},"17":{"start":{"line":48,"column":6},"end":{"line":48,"column":52}},"18":{"start":{"line":49,"column":6},"end":{"line":49,"column":55}},"19":{"start":{"line":51,"column":3},"end":{"line":53,"column":4}},"20":{"start":{"line":52,"column":6},"end":{"line":52,"column":26}},"21":{"start":{"line":56,"column":0},"end":{"line":69,"column":2}},"22":{"start":{"line":60,"column":3},"end":{"line":60,"column":25}},"23":{"start":{"line":61,"column":3},"end":{"line":61,"column":28}},"24":{"start":{"line":62,"column":3},"end":{"line":65,"column":4}},"25":{"start":{"line":63,"column":6},"end":{"line":63,"column":52}},"26":{"start":{"line":64,"column":6},"end":{"line":64,"column":55}},"27":{"start":{"line":66,"column":3},"end":{"line":66,"column":23}},"28":{"start":{"line":68,"column":3},"end":{"line":68,"column":25}},"29":{"start":{"line":71,"column":0},"end":{"line":100,"column":2}},"30":{"start":{"line":72,"column":3},"end":{"line":72,"column":35}},"31":{"start":{"line":73,"column":3},"end":{"line":98,"column":4}},"32":{"start":{"line":75,"column":6},"end":{"line":81,"column":7}},"33":{"start":{"line":76,"column":9},"end":{"line":76,"column":40}},"34":{"start":{"line":77,"column":9},"end":{"line":80,"column":48}},"35":{"start":{"line":78,"column":12},"end":{"line":78,"column":37}},"36":{"start":{"line":79,"column":12},"end":{"line":79,"column":31}},"37":{"start":{"line":83,"column":6},"end":{"line":83,"column":25}},"38":{"start":{"line":84,"column":6},"end":{"line":86,"column":7}},"39":{"start":{"line":85,"column":9},"end":{"line":85,"column":44}},"40":{"start":{"line":88,"column":6},"end":{"line":88,"column":39}},"41":{"start":{"line":89,"column":6},"end":{"line":89,"column":23}},"42":{"start":{"line":92,"column":6},"end":{"line":93,"column":23}},"43":{"start":{"line":94,"column":6},"end":{"line":97,"column":7}},"44":{"start":{"line":95,"column":9},"end":{"line":95,"column":39}},"45":{"start":{"line":96,"column":9},"end":{"line":96,"column":64}},"46":{"start":{"line":99,"column":3},"end":{"line":99,"column":23}},"47":{"start":{"line":102,"column":0},"end":{"line":104,"column":2}},"48":{"start":{"line":103,"column":3},"end":{"line":103,"column":23}},"49":{"start":{"line":114,"column":0},"end":{"line":119,"column":2}},"50":{"start":{"line":115,"column":3},"end":{"line":115,"column":35}},"51":{"start":{"line":116,"column":3},"end":{"line":116,"column":63}},"52":{"start":{"line":117,"column":3},"end":{"line":117,"column":20}},"53":{"start":{"line":118,"column":3},"end":{"line":118,"column":15}},"54":{"start":{"line":121,"column":0},"end":{"line":123,"column":2}},"55":{"start":{"line":122,"column":3},"end":{"line":122,"column":37}},"56":{"start":{"line":125,"column":0},"end":{"line":130,"column":2}},"57":{"start":{"line":126,"column":3},"end":{"line":128,"column":4}},"58":{"start":{"line":127,"column":6},"end":{"line":127,"column":15}},"59":{"start":{"line":129,"column":3},"end":{"line":129,"column":40}},"60":{"start":{"line":133,"column":0},"end":{"line":136,"column":2}},"61":{"start":{"line":134,"column":3},"end":{"line":134,"column":72}},"62":{"start":{"line":135,"column":3},"end":{"line":135,"column":37}},"63":{"start":{"line":138,"column":0},"end":{"line":146,"column":2}},"64":{"start":{"line":139,"column":3},"end":{"line":141,"column":4}},"65":{"start":{"line":140,"column":6},"end":{"line":140,"column":15}},"66":{"start":{"line":142,"column":3},"end":{"line":144,"column":4}},"67":{"start":{"line":143,"column":6},"end":{"line":143,"column":16}},"68":{"start":{"line":145,"column":3},"end":{"line":145,"column":12}},"69":{"start":{"line":148,"column":0},"end":{"line":159,"column":1}},"70":{"start":{"line":149,"column":3},"end":{"line":149,"column":28}},"71":{"start":{"line":150,"column":3},"end":{"line":150,"column":19}},"72":{"start":{"line":151,"column":3},"end":{"line":155,"column":4}},"73":{"start":{"line":152,"column":6},"end":{"line":152,"column":31}},"74":{"start":{"line":154,"column":6},"end":{"line":154,"column":31}},"75":{"start":{"line":156,"column":3},"end":{"line":156,"column":48}},"76":{"start":{"line":157,"column":3},"end":{"line":157,"column":25}},"77":{"start":{"line":158,"column":3},"end":{"line":158,"column":18}},"78":{"start":{"line":161,"column":0},"end":{"line":172,"column":1}},"79":{"start":{"line":162,"column":3},"end":{"line":162,"column":28}},"80":{"start":{"line":163,"column":3},"end":{"line":170,"column":4}},"81":{"start":{"line":164,"column":6},"end":{"line":169,"column":7}},"82":{"start":{"line":165,"column":9},"end":{"line":165,"column":55}},"83":{"start":{"line":166,"column":9},"end":{"line":166,"column":58}},"84":{"start":{"line":168,"column":9},"end":{"line":168,"column":30}},"85":{"start":{"line":171,"column":3},"end":{"line":171,"column":18}},"86":{"start":{"line":174,"column":0},"end":{"line":205,"column":1}},"87":{"start":{"line":175,"column":3},"end":{"line":175,"column":16}},"88":{"start":{"line":176,"column":3},"end":{"line":176,"column":42}},"89":{"start":{"line":177,"column":3},"end":{"line":193,"column":4}},"90":{"start":{"line":178,"column":6},"end":{"line":178,"column":30}},"91":{"start":{"line":181,"column":6},"end":{"line":190,"column":7}},"92":{"start":{"line":182,"column":9},"end":{"line":186,"column":10}},"93":{"start":{"line":183,"column":12},"end":{"line":183,"column":31}},"94":{"start":{"line":184,"column":12},"end":{"line":184,"column":42}},"95":{"start":{"line":185,"column":12},"end":{"line":185,"column":39}},"96":{"start":{"line":187,"column":9},"end":{"line":187,"column":58}},"97":{"start":{"line":188,"column":9},"end":{"line":188,"column":41}},"98":{"start":{"line":189,"column":9},"end":{"line":189,"column":26}},"99":{"start":{"line":192,"column":6},"end":{"line":192,"column":36}},"100":{"start":{"line":195,"column":3},"end":{"line":195,"column":23}},"101":{"start":{"line":196,"column":3},"end":{"line":203,"column":4}},"102":{"start":{"line":197,"column":6},"end":{"line":202,"column":7}},"103":{"start":{"line":199,"column":9},"end":{"line":199,"column":30}},"104":{"start":{"line":200,"column":9},"end":{"line":200,"column":30}},"105":{"start":{"line":201,"column":9},"end":{"line":201,"column":56}},"106":{"start":{"line":204,"column":3},"end":{"line":204,"column":18}},"107":{"start":{"line":207,"column":0},"end":{"line":215,"column":1}},"108":{"start":{"line":208,"column":3},"end":{"line":208,"column":24}},"109":{"start":{"line":209,"column":3},"end":{"line":209,"column":24}},"110":{"start":{"line":210,"column":3},"end":{"line":210,"column":20}},"111":{"start":{"line":211,"column":3},"end":{"line":211,"column":20}},"112":{"start":{"line":213,"column":3},"end":{"line":213,"column":20}},"113":{"start":{"line":214,"column":3},"end":{"line":214,"column":20}},"114":{"start":{"line":217,"column":0},"end":{"line":222,"column":1}},"115":{"start":{"line":218,"column":3},"end":{"line":218,"column":27}},"116":{"start":{"line":219,"column":3},"end":{"line":219,"column":51}},"117":{"start":{"line":220,"column":3},"end":{"line":220,"column":20}},"118":{"start":{"line":221,"column":3},"end":{"line":221,"column":24}},"119":{"start":{"line":225,"column":0},"end":{"line":243,"column":1}},"120":{"start":{"line":226,"column":3},"end":{"line":228,"column":4}},"121":{"start":{"line":227,"column":6},"end":{"line":227,"column":23}},"122":{"start":{"line":229,"column":3},"end":{"line":231,"column":4}},"123":{"start":{"line":230,"column":6},"end":{"line":230,"column":15}},"124":{"start":{"line":232,"column":3},"end":{"line":234,"column":4}},"125":{"start":{"line":233,"column":6},"end":{"line":233,"column":15}},"126":{"start":{"line":236,"column":3},"end":{"line":236,"column":21}},"127":{"start":{"line":237,"column":3},"end":{"line":237,"column":19}},"128":{"start":{"line":238,"column":3},"end":{"line":238,"column":19}},"129":{"start":{"line":239,"column":3},"end":{"line":239,"column":17}},"130":{"start":{"line":240,"column":3},"end":{"line":240,"column":19}},"131":{"start":{"line":242,"column":3},"end":{"line":242,"column":36}},"132":{"start":{"line":245,"column":0},"end":{"line":258,"column":1}},"133":{"start":{"line":246,"column":3},"end":{"line":246,"column":17}},"134":{"start":{"line":247,"column":3},"end":{"line":247,"column":22}},"135":{"start":{"line":249,"column":3},"end":{"line":255,"column":30}},"136":{"start":{"line":250,"column":6},"end":{"line":250,"column":14}},"137":{"start":{"line":251,"column":6},"end":{"line":253,"column":7}},"138":{"start":{"line":252,"column":9},"end":{"line":252,"column":49}},"139":{"start":{"line":254,"column":6},"end":{"line":254,"column":29}},"140":{"start":{"line":257,"column":3},"end":{"line":257,"column":16}},"141":{"start":{"line":260,"column":0},"end":{"line":271,"column":1}},"142":{"start":{"line":261,"column":3},"end":{"line":261,"column":18}},"143":{"start":{"line":262,"column":3},"end":{"line":262,"column":22}},"144":{"start":{"line":263,"column":3},"end":{"line":263,"column":20}},"145":{"start":{"line":264,"column":3},"end":{"line":264,"column":20}},"146":{"start":{"line":265,"column":3},"end":{"line":265,"column":19}},"147":{"start":{"line":267,"column":3},"end":{"line":267,"column":27}},"148":{"start":{"line":268,"column":3},"end":{"line":268,"column":26}},"149":{"start":{"line":269,"column":3},"end":{"line":269,"column":29}},"150":{"start":{"line":270,"column":3},"end":{"line":270,"column":30}},"151":{"start":{"line":273,"column":0},"end":{"line":273,"column":26}},"152":{"start":{"line":278,"column":0},"end":{"line":289,"column":2}},"153":{"start":{"line":279,"column":3},"end":{"line":281,"column":4}},"154":{"start":{"line":280,"column":6},"end":{"line":280,"column":13}},"155":{"start":{"line":283,"column":3},"end":{"line":283,"column":19}},"156":{"start":{"line":284,"column":3},"end":{"line":284,"column":23}},"157":{"start":{"line":285,"column":3},"end":{"line":288,"column":31}},"158":{"start":{"line":286,"column":6},"end":{"line":286,"column":31}},"159":{"start":{"line":287,"column":6},"end":{"line":287,"column":29}},"160":{"start":{"line":291,"column":0},"end":{"line":293,"column":2}},"161":{"start":{"line":292,"column":3},"end":{"line":292,"column":32}},"162":{"start":{"line":295,"column":0},"end":{"line":297,"column":2}},"163":{"start":{"line":296,"column":3},"end":{"line":296,"column":29}},"164":{"start":{"line":299,"column":0},"end":{"line":299,"column":31}}},"branchMap":{"1":{"line":20,"type":"if","locations":[{"start":{"line":20,"column":3},"end":{"line":20,"column":3}},{"start":{"line":20,"column":3},"end":{"line":20,"column":3}}]},"2":{"line":34,"type":"if","locations":[{"start":{"line":34,"column":3},"end":{"line":34,"column":3}},{"start":{"line":34,"column":3},"end":{"line":34,"column":3}}]},"3":{"line":37,"type":"if","locations":[{"start":{"line":37,"column":3},"end":{"line":37,"column":3}},{"start":{"line":37,"column":3},"end":{"line":37,"column":3}}]},"4":{"line":47,"type":"if","locations":[{"start":{"line":47,"column":3},"end":{"line":47,"column":3}},{"start":{"line":47,"column":3},"end":{"line":47,"column":3}}]},"5":{"line":47,"type":"binary-expr","locations":[{"start":{"line":47,"column":7},"end":{"line":47,"column":13}},{"start":{"line":47,"column":17},"end":{"line":47,"column":47}}]},"6":{"line":51,"type":"if","locations":[{"start":{"line":51,"column":3},"end":{"line":51,"column":3}},{"start":{"line":51,"column":3},"end":{"line":51,"column":3}}]},"7":{"line":62,"type":"if","locations":[{"start":{"line":62,"column":3},"end":{"line":62,"column":3}},{"start":{"line":62,"column":3},"end":{"line":62,"column":3}}]},"8":{"line":73,"type":"if","locations":[{"start":{"line":73,"column":3},"end":{"line":73,"column":3}},{"start":{"line":73,"column":3},"end":{"line":73,"column":3}}]},"9":{"line":75,"type":"if","locations":[{"start":{"line":75,"column":6},"end":{"line":75,"column":6}},{"start":{"line":75,"column":6},"end":{"line":75,"column":6}}]},"10":{"line":84,"type":"if","locations":[{"start":{"line":84,"column":6},"end":{"line":84,"column":6}},{"start":{"line":84,"column":6},"end":{"line":84,"column":6}}]},"11":{"line":94,"type":"if","locations":[{"start":{"line":94,"column":6},"end":{"line":94,"column":6}},{"start":{"line":94,"column":6},"end":{"line":94,"column":6}}]},"12":{"line":126,"type":"if","locations":[{"start":{"line":126,"column":3},"end":{"line":126,"column":3}},{"start":{"line":126,"column":3},"end":{"line":126,"column":3}}]},"13":{"line":139,"type":"if","locations":[{"start":{"line":139,"column":3},"end":{"line":139,"column":3}},{"start":{"line":139,"column":3},"end":{"line":139,"column":3}}]},"14":{"line":142,"type":"if","locations":[{"start":{"line":142,"column":3},"end":{"line":142,"column":3}},{"start":{"line":142,"column":3},"end":{"line":142,"column":3}}]},"15":{"line":151,"type":"if","locations":[{"start":{"line":151,"column":3},"end":{"line":151,"column":3}},{"start":{"line":151,"column":3},"end":{"line":151,"column":3}}]},"16":{"line":163,"type":"if","locations":[{"start":{"line":163,"column":3},"end":{"line":163,"column":3}},{"start":{"line":163,"column":3},"end":{"line":163,"column":3}}]},"17":{"line":164,"type":"if","locations":[{"start":{"line":164,"column":6},"end":{"line":164,"column":6}},{"start":{"line":164,"column":6},"end":{"line":164,"column":6}}]},"18":{"line":182,"type":"if","locations":[{"start":{"line":182,"column":9},"end":{"line":182,"column":9}},{"start":{"line":182,"column":9},"end":{"line":182,"column":9}}]},"19":{"line":197,"type":"if","locations":[{"start":{"line":197,"column":6},"end":{"line":197,"column":6}},{"start":{"line":197,"column":6},"end":{"line":197,"column":6}}]},"20":{"line":226,"type":"if","locations":[{"start":{"line":226,"column":3},"end":{"line":226,"column":3}},{"start":{"line":226,"column":3},"end":{"line":226,"column":3}}]},"21":{"line":226,"type":"binary-expr","locations":[{"start":{"line":226,"column":7},"end":{"line":226,"column":9}},{"start":{"line":226,"column":13},"end":{"line":226,"column":15}}]},"22":{"line":229,"type":"if","locations":[{"start":{"line":229,"column":3},"end":{"line":229,"column":3}},{"start":{"line":229,"column":3},"end":{"line":229,"column":3}}]},"23":{"line":232,"type":"if","locations":[{"start":{"line":232,"column":3},"end":{"line":232,"column":3}},{"start":{"line":232,"column":3},"end":{"line":232,"column":3}}]},"24":{"line":242,"type":"cond-expr","locations":[{"start":{"line":242,"column":30},"end":{"line":242,"column":31}},{"start":{"line":242,"column":34},"end":{"line":242,"column":35}}]},"25":{"line":251,"type":"if","locations":[{"start":{"line":251,"column":6},"end":{"line":251,"column":6}},{"start":{"line":251,"column":6},"end":{"line":251,"column":6}}]},"26":{"line":279,"type":"if","locations":[{"start":{"line":279,"column":3},"end":{"line":279,"column":3}},{"start":{"line":279,"column":3},"end":{"line":279,"column":3}}]}}}}