TN:
SF:/home/csbrandt/projects/FibonacciHeap/index.js
FN:16,(anonymous_1)
FN:28,(anonymous_2)
FN:33,(anonymous_3)
FN:56,(anonymous_4)
FN:71,(anonymous_5)
FN:102,(anonymous_6)
FN:114,(anonymous_7)
FN:121,(anonymous_8)
FN:125,(anonymous_9)
FN:133,(anonymous_10)
FN:138,(anonymous_11)
FN:148,cut
FN:161,cascadingCut
FN:174,consolidate
FN:207,removeNodeFromList
FN:217,linkHeaps
FN:225,mergeLists
FN:245,getNodeListSize
FN:260,Node
FN:278,(anonymous_20)
FN:291,(anonymous_21)
FN:295,(anonymous_22)
FNF:22
FNH:22
FNDA:104,(anonymous_1)
FNDA:2,(anonymous_2)
FNDA:30,(anonymous_3)
FNDA:4,(anonymous_4)
FNDA:8099,(anonymous_5)
FNDA:5,(anonymous_6)
FNDA:13180,(anonymous_7)
FNDA:1038,(anonymous_8)
FNDA:20,(anonymous_9)
FNDA:4,(anonymous_10)
FNDA:87491,(anonymous_11)
FNDA:7,cut
FNDA:7,cascadingCut
FNDA:7994,consolidate
FNDA:28928,removeNodeFromList
FNDA:20823,linkHeaps
FNDA:83364,mergeLists
FNDA:28,getNodeListSize
FNDA:13180,Node
FNDA:7994,(anonymous_20)
FNDA:70069,(anonymous_21)
FNDA:62075,(anonymous_22)
DA:16,1
DA:17,104
DA:18,104
DA:20,104
DA:21,2
DA:28,1
DA:29,2
DA:30,2
DA:33,1
DA:34,30
DA:35,0
DA:37,30
DA:42,0
DA:45,30
DA:46,30
DA:47,30
DA:48,5
DA:49,5
DA:51,30
DA:52,24
DA:56,1
DA:60,4
DA:61,4
DA:62,4
DA:63,2
DA:64,2
DA:66,4
DA:68,4
DA:71,1
DA:72,8099
DA:73,8099
DA:75,8098
DA:76,5557
DA:77,5557
DA:78,19785
DA:79,19785
DA:83,8098
DA:84,8098
DA:85,7994
DA:88,8098
DA:89,8098
DA:92,8098
DA:94,8098
DA:95,7994
DA:96,7994
DA:99,8099
DA:102,1
DA:103,5
DA:114,1
DA:115,13180
DA:116,13180
DA:117,13180
DA:118,13180
DA:121,1
DA:122,1038
DA:125,1
DA:126,20
DA:127,1
DA:129,19
DA:133,1
DA:134,4
DA:135,4
DA:138,1
DA:139,87491
DA:140,23674
DA:142,63817
DA:143,62146
DA:145,1671
DA:148,1
DA:149,7
DA:150,7
DA:151,7
DA:152,7
DA:154,0
DA:156,7
DA:157,7
DA:158,7
DA:161,1
DA:162,7
DA:163,7
DA:164,5
DA:165,0
DA:166,0
DA:168,5
DA:171,7
DA:174,1
DA:175,7994
DA:176,7994
DA:177,7994
DA:178,62075
DA:181,62075
DA:182,20823
DA:183,4170
DA:184,4170
DA:185,4170
DA:187,20823
DA:188,20823
DA:189,20823
DA:192,62075
DA:195,7994
DA:196,7994
DA:197,75706
DA:199,41252
DA:200,41252
DA:201,41252
DA:204,7994
DA:207,1
DA:208,28928
DA:209,28928
DA:210,28928
DA:211,28928
DA:213,28928
DA:214,28928
DA:217,1
DA:218,20823
DA:219,20823
DA:220,20823
DA:221,20823
DA:225,1
DA:226,83364
DA:227,20
DA:229,83344
DA:230,8122
DA:232,75222
DA:233,8603
DA:236,66619
DA:237,66619
DA:238,66619
DA:239,66619
DA:240,66619
DA:242,66619
DA:245,1
DA:246,28
DA:247,28
DA:249,28
DA:250,115
DA:251,115
DA:252,9
DA:254,115
DA:257,28
DA:260,1
DA:261,13180
DA:262,13180
DA:263,13180
DA:264,13180
DA:265,13180
DA:267,13180
DA:268,13180
DA:269,13180
DA:270,13180
DA:273,1
DA:278,1
DA:279,7994
DA:280,0
DA:283,7994
DA:284,7994
DA:285,7994
DA:286,62075
DA:287,62075
DA:291,1
DA:292,70069
DA:295,1
DA:296,62075
DA:299,1
LF:164
LH:158
BRDA:20,1,0,2
BRDA:20,1,1,102
BRDA:34,2,0,0
BRDA:34,2,1,30
BRDA:37,3,0,0
BRDA:37,3,1,30
BRDA:47,4,0,5
BRDA:47,4,1,25
BRDA:47,5,0,30
BRDA:47,5,1,5
BRDA:51,6,0,24
BRDA:51,6,1,6
BRDA:62,7,0,2
BRDA:62,7,1,2
BRDA:73,8,0,8098
BRDA:73,8,1,1
BRDA:75,9,0,5557
BRDA:75,9,1,2541
BRDA:84,10,0,7994
BRDA:84,10,1,104
BRDA:94,11,0,7994
BRDA:94,11,1,104
BRDA:126,12,0,1
BRDA:126,12,1,19
BRDA:139,13,0,23674
BRDA:139,13,1,63817
BRDA:142,14,0,62146
BRDA:142,14,1,1671
BRDA:151,15,0,7
BRDA:151,15,1,0
BRDA:163,16,0,5
BRDA:163,16,1,2
BRDA:164,17,0,0
BRDA:164,17,1,5
BRDA:182,18,0,4170
BRDA:182,18,1,16653
BRDA:197,19,0,41252
BRDA:197,19,1,34454
BRDA:226,20,0,20
BRDA:226,20,1,83344
BRDA:226,21,0,83364
BRDA:226,21,1,8142
BRDA:229,22,0,8122
BRDA:229,22,1,75222
BRDA:232,23,0,8603
BRDA:232,23,1,66619
BRDA:242,24,0,46237
BRDA:242,24,1,20382
BRDA:251,25,0,9
BRDA:251,25,1,106
BRDA:279,26,0,0
BRDA:279,26,1,7994
BRF:52
BRH:47
end_of_record
